<?xml version="1.0" encoding="UTF-8"?>
<testng-results ignored="0" total="1" passed="1" failed="0" skipped="0">
  <reporter-output>
  </reporter-output>
  <suite started-at="2023-12-17T11:42:55 IST" name="Default suite" finished-at="2023-12-17T11:44:04 IST" duration-ms="69664">
    <groups>
    </groups>
    <test started-at="2023-12-17T11:42:55 IST" name="Default test" finished-at="2023-12-17T11:44:04 IST" duration-ms="69664">
      <class name="testcases.Review_test">
        <test-method is-config="true" signature="startup()[pri:0, instance:testcases.Review_test@6d4d66d2]" started-at="2023-12-17T11:42:55 IST" name="startup" finished-at="2023-12-17T11:43:01 IST" duration-ms="6375" status="PASS">
          <reporter-output>
          </reporter-output>
        </test-method> <!-- startup -->
        <test-method signature="terms()[pri:0, instance:testcases.Review_test@6d4d66d2]" started-at="2023-12-17T11:43:01 IST" name="terms" finished-at="2023-12-17T11:44:04 IST" duration-ms="62862" status="PASS">
          <reporter-output>
          </reporter-output>
        </test-method> <!-- terms -->
        <test-method is-config="true" signature="close()[pri:0, instance:testcases.Review_test@6d4d66d2]" started-at="2023-12-17T11:44:04 IST" name="close" finished-at="2023-12-17T11:44:04 IST" duration-ms="338" status="PASS">
          <reporter-output>
          </reporter-output>
        </test-method> <!-- close -->
      </class> <!-- testcases.Review_test -->
    </test> <!-- Default test -->
  </suite> <!-- Default suite -->
</testng-results>
